<?xml version="1.0" encoding="UTF-8"?>
<testsuite name="gg.sep.alyx.setup.AbstractJsonObjectTest" tests="1" skipped="0" failures="0" errors="0" timestamp="2020-07-05T22:37:34" hostname="Adams-MacBook-Pro.local" time="0.001">
  <properties/>
  <testcase name="toJson_Valid()" classname="gg.sep.alyx.setup.AbstractJsonObjectTest" time="0.001"/>
  <system-out><![CDATA[]]></system-out>
  <system-err><![CDATA[]]></system-err>
</testsuite>
