<?xml version="1.0" encoding="UTF-8"?>
<testsuite name="gg.sep.alyx.LauncherTest" tests="5" skipped="0" failures="0" errors="0" timestamp="2020-07-05T22:37:32" hostname="Adams-MacBook-Pro.local" time="1.833">
  <properties/>
  <testcase name="loadExisting_BotExists(Path)" classname="gg.sep.alyx.LauncherTest" time="1.033"/>
  <testcase name="loadExisting_InvalidConfigFile()" classname="gg.sep.alyx.LauncherTest" time="0.591"/>
  <testcase name="loadExisting_BotNotExists(Path)" classname="gg.sep.alyx.LauncherTest" time="0.007"/>
  <testcase name="loadExisting_NoBotsConfigured(Path)" classname="gg.sep.alyx.LauncherTest" time="0.003"/>
  <testcase name="loadExisting_NoBotSpecified_SelectExisting(Path)" classname="gg.sep.alyx.LauncherTest" time="0.195"/>
  <system-out><![CDATA[07-05-2020 15:37:33,565 [ERROR] ConfigHandler:loadAlyxConfig@52 - java.nio.file.NoSuchFileException: /var/folders/2n/b_8fxj5n3l502qgnnnsxqnfh0000gn/T/junit2426757471850702005/config.json
07-05-2020 15:37:34,297 [ERROR] ConfigHandler:loadAlyxConfig@52 - java.nio.file.NoSuchFileException: /var/folders/2n/b_8fxj5n3l502qgnnnsxqnfh0000gn/T/junit2119658255296302984/config.json
07-05-2020 15:37:34,309 [ERROR] ConfigHandler:loadAlyxConfig@52 - java.nio.file.NoSuchFileException: /var/folders/2n/b_8fxj5n3l502qgnnnsxqnfh0000gn/T/junit2713216660352244236/config.json
]]></system-out>
  <system-err><![CDATA[]]></system-err>
</testsuite>
