<?xml version="1.0" encoding="UTF-8"?>
<testsuite name="gg.sep.alyx.plugin.util.StringsTest" tests="22" skipped="0" failures="0" errors="0" timestamp="2020-07-05T22:37:34" hostname="Adams-MacBook-Pro.local" time="0.04">
  <properties/>
  <testcase name="splitWithQuotes(String, String[])[1]" classname="gg.sep.alyx.plugin.util.StringsTest" time="0.017"/>
  <testcase name="splitWithQuotes(String, String[])[2]" classname="gg.sep.alyx.plugin.util.StringsTest" time="0.001"/>
  <testcase name="splitWithQuotes(String, String[])[3]" classname="gg.sep.alyx.plugin.util.StringsTest" time="0.0"/>
  <testcase name="splitWithQuotes(String, String[])[4]" classname="gg.sep.alyx.plugin.util.StringsTest" time="0.0"/>
  <testcase name="splitWithQuotes(String, String[])[5]" classname="gg.sep.alyx.plugin.util.StringsTest" time="0.0"/>
  <testcase name="splitWithQuotes(String, String[])[6]" classname="gg.sep.alyx.plugin.util.StringsTest" time="0.0"/>
  <testcase name="splitWithQuotes(String, String[])[7]" classname="gg.sep.alyx.plugin.util.StringsTest" time="0.0"/>
  <testcase name="splitWithQuotes(String, String[])[8]" classname="gg.sep.alyx.plugin.util.StringsTest" time="0.0"/>
  <testcase name="splitWithQuotes(String, String[])[9]" classname="gg.sep.alyx.plugin.util.StringsTest" time="0.0"/>
  <testcase name="splitWithQuotes(String, String[])[10]" classname="gg.sep.alyx.plugin.util.StringsTest" time="0.0"/>
  <testcase name="splitWithQuotes(String, String[])[11]" classname="gg.sep.alyx.plugin.util.StringsTest" time="0.001"/>
  <testcase name="splitWithQuotes(String, String[])[12]" classname="gg.sep.alyx.plugin.util.StringsTest" time="0.001"/>
  <testcase name="splitWithQuotes(String, String[])[13]" classname="gg.sep.alyx.plugin.util.StringsTest" time="0.0"/>
  <testcase name="splitWithQuotes(String, String[])[14]" classname="gg.sep.alyx.plugin.util.StringsTest" time="0.001"/>
  <testcase name="splitWithQuotes(String, String[])[15]" classname="gg.sep.alyx.plugin.util.StringsTest" time="0.0"/>
  <testcase name="splitWithQuotes(String, String[])[16]" classname="gg.sep.alyx.plugin.util.StringsTest" time="0.001"/>
  <testcase name="splitWithQuotes(String, String[])[17]" classname="gg.sep.alyx.plugin.util.StringsTest" time="0.001"/>
  <testcase name="splitWithQuotes(String, String[])[18]" classname="gg.sep.alyx.plugin.util.StringsTest" time="0.001"/>
  <testcase name="splitWithQuotes(String, String[])[19]" classname="gg.sep.alyx.plugin.util.StringsTest" time="0.0"/>
  <testcase name="splitWithQuotes(String, String[])[20]" classname="gg.sep.alyx.plugin.util.StringsTest" time="0.0"/>
  <testcase name="splitWithQuotes(String, String[])[21]" classname="gg.sep.alyx.plugin.util.StringsTest" time="0.0"/>
  <testcase name="splitWithQuotes(String, String[])[22]" classname="gg.sep.alyx.plugin.util.StringsTest" time="0.0"/>
  <system-out><![CDATA[]]></system-out>
  <system-err><![CDATA[]]></system-err>
</testsuite>
