<?xml version="1.0" encoding="UTF-8"?>
<testsuite name="gg.sep.alyx.config.ConfigHandlerTest" tests="5" skipped="0" failures="0" errors="0" timestamp="2020-07-05T22:37:34" hostname="Adams-MacBook-Pro.local" time="0.022">
  <properties/>
  <testcase name="writeConfig_NoParentDirectory()" classname="gg.sep.alyx.config.ConfigHandlerTest" time="0.001"/>
  <testcase name="updateBotEntry_NewConfig(Path)" classname="gg.sep.alyx.config.ConfigHandlerTest" time="0.006"/>
  <testcase name="loadConfig_NoFile(Path)" classname="gg.sep.alyx.config.ConfigHandlerTest" time="0.001"/>
  <testcase name="updateBotEntry_ExistingConfig_NewBot(Path)" classname="gg.sep.alyx.config.ConfigHandlerTest" time="0.007"/>
  <testcase name="updateBotEntry_ExistingConfig_OverwriteBot(Path)" classname="gg.sep.alyx.config.ConfigHandlerTest" time="0.006"/>
  <system-out><![CDATA[07-05-2020 15:37:34,508 [ERROR] ConfigHandler:loadAlyxConfig@52 - java.nio.file.NoSuchFileException: /var/folders/2n/b_8fxj5n3l502qgnnnsxqnfh0000gn/T/junit14822763146907886188/config.json
07-05-2020 15:37:34,515 [ERROR] ConfigHandler:loadAlyxConfig@52 - java.nio.file.NoSuchFileException: /var/folders/2n/b_8fxj5n3l502qgnnnsxqnfh0000gn/T/junit8535185704696002220/config.json
07-05-2020 15:37:34,516 [ERROR] ConfigHandler:loadAlyxConfig@52 - java.nio.file.NoSuchFileException: /var/folders/2n/b_8fxj5n3l502qgnnnsxqnfh0000gn/T/junit16714605621976586714/config.json
07-05-2020 15:37:34,523 [ERROR] ConfigHandler:loadAlyxConfig@52 - java.nio.file.NoSuchFileException: /var/folders/2n/b_8fxj5n3l502qgnnnsxqnfh0000gn/T/junit16385522647278541713/config.json
]]></system-out>
  <system-err><![CDATA[]]></system-err>
</testsuite>
