<?xml version="1.0" encoding="UTF-8"?>
<testsuite name="gg.sep.alyx.startup.AlyxStartupArgumentsTest" tests="12" skipped="0" failures="0" errors="0" timestamp="2020-07-05T22:37:34" hostname="Adams-MacBook-Pro.local" time="0.012">
  <properties/>
  <testcase name="getConfigPath_WithValue(String)[1]" classname="gg.sep.alyx.startup.AlyxStartupArgumentsTest" time="0.001"/>
  <testcase name="getConfigPath_WithValue(String)[2]" classname="gg.sep.alyx.startup.AlyxStartupArgumentsTest" time="0.0"/>
  <testcase name="getConfigPath_WithValue(String)[3]" classname="gg.sep.alyx.startup.AlyxStartupArgumentsTest" time="0.0"/>
  <testcase name="getConfigPath_WithValue(String)[4]" classname="gg.sep.alyx.startup.AlyxStartupArgumentsTest" time="0.0"/>
  <testcase name="getConfigPath_WithValue(String)[5]" classname="gg.sep.alyx.startup.AlyxStartupArgumentsTest" time="0.0"/>
  <testcase name="getConfigPath_NullValue()" classname="gg.sep.alyx.startup.AlyxStartupArgumentsTest" time="0.0"/>
  <testcase name="getBotName_WithValue(String)[1]" classname="gg.sep.alyx.startup.AlyxStartupArgumentsTest" time="0.0"/>
  <testcase name="getBotName_WithValue(String)[2]" classname="gg.sep.alyx.startup.AlyxStartupArgumentsTest" time="0.0"/>
  <testcase name="getBotName_WithValue(String)[3]" classname="gg.sep.alyx.startup.AlyxStartupArgumentsTest" time="0.0"/>
  <testcase name="getBotName_WithValue(String)[4]" classname="gg.sep.alyx.startup.AlyxStartupArgumentsTest" time="0.0"/>
  <testcase name="getBotName_WithValue(String)[5]" classname="gg.sep.alyx.startup.AlyxStartupArgumentsTest" time="0.0"/>
  <testcase name="getBotName_NullValue()" classname="gg.sep.alyx.startup.AlyxStartupArgumentsTest" time="0.001"/>
  <system-out><![CDATA[]]></system-out>
  <system-err><![CDATA[]]></system-err>
</testsuite>
